{'Best GS Acc': 0.29544159544159543, 'Val Acc': 0.8536470140346281, 'Best Params': {'bootstrap': True, 'max_depth': 100, 'max_features': 'auto', 'max_leaf_nodes': None, 'min_samples_leaf': 1, 'min_samples_split': 2}}
{'Best GS Acc': 0.30256410256410254, 'Val Acc': 0.8572507209519125, 'Best Params': {'bootstrap': False, 'max_depth': 100, 'max_features': 'sqrt', 'max_leaf_nodes': None, 'min_samples_leaf': 2, 'min_samples_split': 2}}
{'Best GS Acc': 0.27948717948717955, 'Val Acc': 0.758014159817532, 'Best Params': {'bootstrap': False, 'max_depth': 100, 'max_features': 'sqrt', 'max_leaf_nodes': None, 'min_samples_leaf': 1, 'min_samples_split': 2}}
{'Best GS Acc': 0.25997150997151003, 'Val Acc': 0.8552193278042669, 'Best Params': {'bootstrap': False, 'max_depth': 100, 'max_features': 'sqrt', 'max_leaf_nodes': None, 'min_samples_leaf': 1, 'min_samples_split': 5}}
{'Best GS Acc': 0.2814814814814815, 'Val Acc': 0.8785082948135265, 'Best Params': {'bootstrap': False, 'max_depth': 100, 'max_features': 'sqrt', 'max_leaf_nodes': None, 'min_samples_leaf': 2, 'min_samples_split': 5}}
{'Best GS Acc': 0.294017094017094, 'Val Acc': 0.8816392983307917, 'Best Params': {'bootstrap': False, 'max_depth': 100, 'max_features': 'sqrt', 'max_leaf_nodes': None, 'min_samples_leaf': 2, 'min_samples_split': 5}}
{'Best GS Acc': 0.28404558404558405, 'Val Acc': 0.8715479708950804, 'Best Params': {'bootstrap': False, 'max_depth': 100, 'max_features': 'sqrt', 'max_leaf_nodes': None, 'min_samples_leaf': 2, 'min_samples_split': 5}}
{'Best GS Acc': 0.2905982905982906, 'Val Acc': 0.78754517382972, 'Best Params': {'bootstrap': False, 'max_depth': 100, 'max_features': 'sqrt', 'max_leaf_nodes': None, 'min_samples_leaf': 1, 'min_samples_split': 2}}
{'Best GS Acc': 0.2631054131054131, 'Val Acc': 0.837222516139859, 'Best Params': {'bootstrap': False, 'max_depth': 100, 'max_features': 'sqrt', 'max_leaf_nodes': None, 'min_samples_leaf': 1, 'min_samples_split': 2}}
{'Best GS Acc': 0.30997150997150996, 'Val Acc': 0.8186827516930525, 'Best Params': {'bootstrap': False, 'max_depth': 100, 'max_features': 'sqrt', 'max_leaf_nodes': None, 'min_samples_leaf': 2, 'min_samples_split': 2}}
{'Best GS Acc': 0.24017094017094018, 'Val Acc': 0.8263363297687586, 'Best Params': {'bootstrap': False, 'max_depth': 100, 'max_features': 'sqrt', 'max_leaf_nodes': None, 'min_samples_leaf': 2, 'min_samples_split': 5}}
{'Best GS Acc': 0.24458689458689462, 'Val Acc': 0.8639379341078123, 'Best Params': {'bootstrap': False, 'max_depth': 100, 'max_features': 'sqrt', 'max_leaf_nodes': None, 'min_samples_leaf': 2, 'min_samples_split': 5}}
{'Best GS Acc': 0.24857549857549857, 'Val Acc': 0.8514227976544153, 'Best Params': {'bootstrap': True, 'max_depth': 100, 'max_features': 'sqrt', 'max_leaf_nodes': None, 'min_samples_leaf': 1, 'min_samples_split': 5}}
{'Best GS Acc': 0.28603988603988606, 'Val Acc': 0.860110235425588, 'Best Params': {'bootstrap': False, 'max_depth': 100, 'max_features': 'sqrt', 'max_leaf_nodes': None, 'min_samples_leaf': 2, 'min_samples_split': 2}}
{'Best GS Acc': 0.24715099715099717, 'Val Acc': 0.8981504038565573, 'Best Params': {'bootstrap': False, 'max_depth': 100, 'max_features': 'auto', 'max_leaf_nodes': None, 'min_samples_leaf': 1, 'min_samples_split': 5}}
{'Best GS Acc': 0.27193732193732195, 'Val Acc': 0.8484006741629079, 'Best Params': {'bootstrap': False, 'max_depth': 100, 'max_features': 'auto', 'max_leaf_nodes': None, 'min_samples_leaf': 1, 'min_samples_split': 2}}
{'Best GS Acc': 0.27492877492877493, 'Val Acc': 0.8226458744635089, 'Best Params': {'bootstrap': False, 'max_depth': 100, 'max_features': 'sqrt', 'max_leaf_nodes': None, 'min_samples_leaf': 1, 'min_samples_split': 5}}
{'Best GS Acc': 0.28945868945868947, 'Val Acc': 0.8252561855027625, 'Best Params': {'bootstrap': True, 'max_depth': 100, 'max_features': 'auto', 'max_leaf_nodes': None, 'min_samples_leaf': 2, 'min_samples_split': 2}}
{'Best GS Acc': 0.24444444444444444, 'Val Acc': 0.7723739038457598, 'Best Params': {'bootstrap': False, 'max_depth': 100, 'max_features': 'auto', 'max_leaf_nodes': None, 'min_samples_leaf': 2, 'min_samples_split': 2}}
{'Best GS Acc': 0.3066951566951566, 'Val Acc': 0.8026384160702404, 'Best Params': {'bootstrap': False, 'max_depth': 100, 'max_features': 'auto', 'max_leaf_nodes': None, 'min_samples_leaf': 1, 'min_samples_split': 5}}
{'Best GS Acc': 0.22763532763532765, 'Val Acc': 0.8533708130152095, 'Best Params': {'bootstrap': False, 'max_depth': 100, 'max_features': 'auto', 'max_leaf_nodes': None, 'min_samples_leaf': 4, 'min_samples_split': 5}}
{'Best GS Acc': 0.2434472934472934, 'Val Acc': 0.7874818290909188, 'Best Params': {'bootstrap': False, 'max_depth': 100, 'max_features': 'sqrt', 'max_leaf_nodes': None, 'min_samples_leaf': 1, 'min_samples_split': 2}}
{'Best GS Acc': 0.2847578347578348, 'Val Acc': 0.8430929957536829, 'Best Params': {'bootstrap': False, 'max_depth': 100, 'max_features': 'sqrt', 'max_leaf_nodes': None, 'min_samples_leaf': 1, 'min_samples_split': 2}}
{'Best GS Acc': 0.31196581196581197, 'Val Acc': 0.7975134872827571, 'Best Params': {'bootstrap': False, 'max_depth': 100, 'max_features': 'auto', 'max_leaf_nodes': None, 'min_samples_leaf': 4, 'min_samples_split': 5}}
{'Best GS Acc': 0.2656695156695157, 'Val Acc': 0.9013550874895413, 'Best Params': {'bootstrap': False, 'max_depth': 100, 'max_features': 'auto', 'max_leaf_nodes': None, 'min_samples_leaf': 2, 'min_samples_split': 5}}
### Best Combination : 0.9013550874895413 {'Best GS Acc': 0.2656695156695157, 'Val Acc': 0.9013550874895413, 'Best Params': {'bootstrap': False, 'max_depth': 100, 'max_features': 'auto', 'max_leaf_nodes': None, 'min_samples_leaf': 2, 'min_samples_split': 5}}
##### Classification report #####
              precision    recall  f1-score   support

           0       0.29      0.40      0.33         5
           1       0.60      0.75      0.67         4
           2       0.25      0.25      0.25         4
           3       0.33      0.20      0.25         5
           4       0.00      0.00      0.00         2
           5       0.38      0.89      0.53         9
           6       0.67      0.67      0.67         3
           7       1.00      0.50      0.67         2
           8       0.00      0.00      0.00         2
           9       0.00      0.00      0.00         2
          10       1.00      0.33      0.50         3
          11       0.00      0.00      0.00         2
          12       0.00      0.00      0.00         2

    accuracy                           0.42        45
   macro avg       0.35      0.31      0.30        45
weighted avg       0.38      0.42      0.36        45

